gyp info it worked if it ends with ok
gyp info using node-gyp@3.8.0
gyp info using node@17.3.0 | darwin | x64
gyp http GET https://nodejs.org/download/release/v17.3.0/node-v17.3.0-headers.tar.gz
gyp http 200 https://nodejs.org/download/release/v17.3.0/node-v17.3.0-headers.tar.gz
gyp http GET https://nodejs.org/download/release/v17.3.0/SHASUMS256.txt
gyp http 200 https://nodejs.org/download/release/v17.3.0/SHASUMS256.txt
(node:56656) [DEP0150] DeprecationWarning: Setting process.config is deprecated. In the future the property will be read-only.
(Use `node --trace-deprecation ...` to show where the warning was created)
gyp info spawn /usr/bin/python2
gyp info spawn args [
gyp info spawn args   '/Users/macbookair/Documents/SimpleModBot-main/node_modules/node-gyp/gyp/gyp_main.py',
gyp info spawn args   'binding.gyp',
gyp info spawn args   '-f',
gyp info spawn args   'make',
gyp info spawn args   '-I',
gyp info spawn args   '/Users/macbookair/Documents/SimpleModBot-main/node_modules/cpu-profiler/build/config.gypi',
gyp info spawn args   '-I',
gyp info spawn args   '/Users/macbookair/Documents/SimpleModBot-main/node_modules/node-gyp/addon.gypi',
gyp info spawn args   '-I',
gyp info spawn args   '/Users/macbookair/.node-gyp/17.3.0/include/node/common.gypi',
gyp info spawn args   '-Dlibrary=shared_library',
gyp info spawn args   '-Dvisibility=default',
gyp info spawn args   '-Dnode_root_dir=/Users/macbookair/.node-gyp/17.3.0',
gyp info spawn args   '-Dnode_gyp_dir=/Users/macbookair/Documents/SimpleModBot-main/node_modules/node-gyp',
gyp info spawn args   '-Dnode_lib_file=/Users/macbookair/.node-gyp/17.3.0/<(target_arch)/node.lib',
gyp info spawn args   '-Dmodule_root_dir=/Users/macbookair/Documents/SimpleModBot-main/node_modules/cpu-profiler',
gyp info spawn args   '-Dnode_engine=v8',
gyp info spawn args   '--depth=.',
gyp info spawn args   '--no-parallel',
gyp info spawn args   '--generator-output',
gyp info spawn args   'build',
gyp info spawn args   '-Goutput_dir=.'
gyp info spawn args ]
gyp info spawn make
gyp info spawn args [ 'BUILDTYPE=Release', '-C', 'build' ]
In file included from ../cpu_profiler.cc:1:
../cpu_profiler.h:9:56: error: no template named 'Handle' in namespace 'v8'
      static void Initialize(v8::Isolate* isolate, v8::Handle<v8::Object> target);
                                                   ~~~~^
In file included from ../cpu_profiler.cc:2:
../profile.h:10:14: error: no template named 'Handle' in namespace 'v8'
  static v8::Handle<v8::Value> New(v8::Isolate* isolate, const v8::CpuProfile* profile);
         ~~~~^
../profile.h:22:29: error: no member named 'ObjectTemplate' in namespace 'v8'
  static v8::Persistent<v8::ObjectTemplate> profile_template_;
                        ~~~~^
../cpu_profiler.cc:9:9: error: no member named 'Handle' in namespace 'v8'; did you mean 'v8::CodeEventHandler::Handle'?
  using v8::Handle;
        ^~~~~~~~~~
        v8::CodeEventHandler::Handle
/Users/macbookair/.node-gyp/17.3.0/include/node/v8-profiler.h:1098:16: note: 'v8::CodeEventHandler::Handle' declared here
  virtual void Handle(CodeEvent* code_event) = 0;
               ^
../cpu_profiler.cc:15:13: error: no member named 'ThrowException' in namespace 'v8'
  using v8::ThrowException;
        ~~~~^
../cpu_profiler.cc:21:51: error: no template named 'Handle'
  void CpuProfiler::Initialize (Isolate* isolate, Handle<Object> target) {
                                                  ^
../cpu_profiler.cc:33:40: error: no member named 'GetCpuProfiler' in 'v8::Isolate'
    args.GetReturnValue().Set(isolate->GetCpuProfiler()->GetProfileCount());
                              ~~~~~~~  ^
../cpu_profiler.cc:40:47: error: no member named 'New' in 'v8::String'
      ThrowException(Exception::Error(String::New("No index specified")));
                                      ~~~~~~~~^
../cpu_profiler.cc:43:51: error: no member named 'New' in 'v8::String'
      ThrowException(Exception::TypeError(String::New("Argument must be an integer")));
                                          ~~~~~~~~^
../cpu_profiler.cc:46:41: error: too few arguments to function call, single argument 'context' was not specified
    int32_t index = args[0]->Int32Value();
                    ~~~~~~~~~~~~~~~~~~~ ^
/Users/macbookair/.node-gyp/17.3.0/include/node/v8-value.h:419:40: note: 'Int32Value' declared here
  V8_WARN_UNUSED_RESULT Maybe<int32_t> Int32Value(Local<Context> context) const;
                                       ^
../cpu_profiler.cc:47:42: error: no member named 'GetCpuProfiler' in 'v8::Isolate'
    const CpuProfile* profile = isolate->GetCpuProfiler()->GetCpuProfile(index);
                                ~~~~~~~  ^
../cpu_profiler.cc:55:47: error: too few arguments to function call, single argument 'context' was not specified
        args.Length() > 0 ? args[0]->ToString() : String::Empty(isolate);
                            ~~~~~~~~~~~~~~~~~ ^
/Users/macbookair/.node-gyp/17.3.0/include/node/v8-value.h:360:44: note: 'ToString' declared here
  V8_WARN_UNUSED_RESULT MaybeLocal<String> ToString(
                                           ^
../cpu_profiler.cc:57:48: error: too few arguments to function call, single argument 'isolate' was not specified
        args.Length() > 1 ? args[1]->ToBoolean()->Value() : false;
                            ~~~~~~~~~~~~~~~~~~ ^
/Users/macbookair/.node-gyp/17.3.0/include/node/v8-value.h:398:18: note: 'ToBoolean' declared here
  Local<Boolean> ToBoolean(Isolate* isolate) const;
                 ^
../cpu_profiler.cc:58:14: error: no member named 'GetCpuProfiler' in 'v8::Isolate'
    isolate->GetCpuProfiler()->StartCpuProfiling(title, recsamples);
    ~~~~~~~  ^
../cpu_profiler.cc:66:47: error: too few arguments to function call, single argument 'context' was not specified
        args.Length() > 0 ? args[0]->ToString() : String::Empty(isolate);
                            ~~~~~~~~~~~~~~~~~ ^
/Users/macbookair/.node-gyp/17.3.0/include/node/v8-value.h:360:44: note: 'ToString' declared here
  V8_WARN_UNUSED_RESULT MaybeLocal<String> ToString(
                                           ^
../cpu_profiler.cc:67:42: error: no member named 'GetCpuProfiler' in 'v8::Isolate'
    const CpuProfile* profile = isolate->GetCpuProfiler()->StopCpuProfiling(title);
                                ~~~~~~~  ^
../cpu_profiler.cc:74:14: error: no member named 'GetCpuProfiler' in 'v8::Isolate'
    isolate->GetCpuProfiler()->DeleteAllCpuProfiles();
    ~~~~~~~  ^
17 errors generated.
make: *** [Release/obj.target/profiler/cpu_profiler.o] Error 1
gyp ERR! build error 
gyp ERR! stack Error: `make` failed with exit code: 2
gyp ERR! stack     at ChildProcess.onExit (/Users/macbookair/Documents/SimpleModBot-main/node_modules/node-gyp/lib/build.js:262:23)
gyp ERR! stack     at ChildProcess.emit (node:events:390:28)
gyp ERR! stack     at Process.ChildProcess._handle.onexit (node:internal/child_process:290:12)
gyp ERR! System Darwin 20.5.0
gyp ERR! command "/usr/local/bin/node" "/Users/macbookair/Documents/SimpleModBot-main/node_modules/.bin/node-gyp" "rebuild"
gyp ERR! cwd /Users/macbookair/Documents/SimpleModBot-main/node_modules/cpu-profiler
gyp ERR! node -v v17.3.0
gyp ERR! node-gyp -v v3.8.0
gyp ERR! not ok 
